..\..\TESTER\debug\SFIS.pdb
D:\UMAR\MYPROGRAM\Visual Studio 2015\Projects\ASUS_DLL_MODIFY_BY_UMAR\SFIS\SFIS\..\..\TESTER\debug\SFIS.dll
D:\UMAR\MYPROGRAM\Visual Studio 2015\Projects\ASUS_DLL_MODIFY_BY_UMAR\SFIS\SFIS\Debug\cl.command.1.tlog
D:\UMAR\MYPROGRAM\Visual Studio 2015\Projects\ASUS_DLL_MODIFY_BY_UMAR\SFIS\SFIS\Debug\CL.read.1.tlog
D:\UMAR\MYPROGRAM\Visual Studio 2015\Projects\ASUS_DLL_MODIFY_BY_UMAR\SFIS\SFIS\Debug\CL.write.1.tlog
D:\UMAR\MYPROGRAM\VISUAL STUDIO 2015\PROJECTS\ASUS_DLL_MODIFY_BY_UMAR\SFIS\SFIS\DEBUG\CORE.OBJ
D:\UMAR\MYPROGRAM\Visual Studio 2015\Projects\ASUS_DLL_MODIFY_BY_UMAR\SFIS\SFIS\Debug\link.command.1.tlog
D:\UMAR\MYPROGRAM\Visual Studio 2015\Projects\ASUS_DLL_MODIFY_BY_UMAR\SFIS\SFIS\Debug\link.read.1.tlog
D:\UMAR\MYPROGRAM\Visual Studio 2015\Projects\ASUS_DLL_MODIFY_BY_UMAR\SFIS\SFIS\Debug\link.write.1.tlog
D:\UMAR\MYPROGRAM\Visual Studio 2015\Projects\ASUS_DLL_MODIFY_BY_UMAR\SFIS\SFIS\Debug\mt.command.1.tlog
D:\UMAR\MYPROGRAM\Visual Studio 2015\Projects\ASUS_DLL_MODIFY_BY_UMAR\SFIS\SFIS\Debug\mt.read.1.tlog
D:\UMAR\MYPROGRAM\Visual Studio 2015\Projects\ASUS_DLL_MODIFY_BY_UMAR\SFIS\SFIS\Debug\mt.write.1.tlog
D:\UMAR\MYPROGRAM\VISUAL STUDIO 2015\PROJECTS\ASUS_DLL_MODIFY_BY_UMAR\SFIS\SFIS\DEBUG\SFIS.DLL.INTERMEDIATE.MANIFEST
D:\UMAR\MYPROGRAM\Visual Studio 2015\Projects\ASUS_DLL_MODIFY_BY_UMAR\SFIS\SFIS\Debug\SFIS.write.1.tlog
D:\UMAR\MYPROGRAM\VISUAL STUDIO 2015\PROJECTS\ASUS_DLL_MODIFY_BY_UMAR\SFIS\SFIS\DEBUG\TIODBC.OBJ
D:\UMAR\MYPROGRAM\Visual Studio 2015\Projects\ASUS_DLL_MODIFY_BY_UMAR\SFIS\SFIS\Debug\vc100.idb
D:\UMAR\MYPROGRAM\VISUAL STUDIO 2015\PROJECTS\ASUS_DLL_MODIFY_BY_UMAR\SFIS\SFIS\DEBUG\VC100.PDB
D:\UMAR\MYPROGRAM\VISUAL STUDIO 2015\PROJECTS\ASUS_DLL_MODIFY_BY_UMAR\TESTER\DEBUG\SFIS.DLL
D:\UMAR\MYPROGRAM\Visual Studio 2015\Projects\ASUS_DLL_MODIFY_BY_UMAR\TESTER\debug\SFIS.exp
D:\UMAR\MYPROGRAM\Visual Studio 2015\Projects\ASUS_DLL_MODIFY_BY_UMAR\TESTER\debug\SFIS.lib
D:\UMAR\MYPROGRAM\VISUAL STUDIO 2015\PROJECTS\ASUS_DLL_MODIFY_BY_UMAR\TESTER\DEBUG\SFIS.PDB
